CRITICAL - 2021-10-30 08:44:31 --> Undefined variable $session
#0 C:\Users\ACER\Desktop\alumni_project\app\Views\search_page.php(55): CodeIgniter\Debug\Exceptions->errorHandler(2, 'Undefined varia...', 'C:\\Users\\ACER\\D...', 55)
#1 C:\Users\ACER\Desktop\alumni_project\vendor\codeigniter4\framework\system\View\View.php(214): include('C:\\Users\\ACER\\D...')
#2 C:\Users\ACER\Desktop\alumni_project\vendor\codeigniter4\framework\system\View\View.php(217): CodeIgniter\View\View->CodeIgniter\View\{closure}()
#3 C:\Users\ACER\Desktop\alumni_project\vendor\codeigniter4\framework\system\Common.php(1092): CodeIgniter\View\View->render('search_page', Array, true)
#4 C:\Users\ACER\Desktop\alumni_project\app\Controllers\Search.php(24): view('search_page', Array)
#5 C:\Users\ACER\Desktop\alumni_project\vendor\codeigniter4\framework\system\CodeIgniter.php(802): App\Controllers\Search->searchHome()
#6 C:\Users\ACER\Desktop\alumni_project\vendor\codeigniter4\framework\system\CodeIgniter.php(399): CodeIgniter\CodeIgniter->runController(Object(App\Controllers\Search))
#7 C:\Users\ACER\Desktop\alumni_project\vendor\codeigniter4\framework\system\CodeIgniter.php(317): CodeIgniter\CodeIgniter->handleRequest(NULL, Object(Config\Cache), false)
#8 C:\Users\ACER\Desktop\alumni_project\public\index.php(37): CodeIgniter\CodeIgniter->run()
#9 C:\Users\ACER\Desktop\alumni_project\vendor\codeigniter4\framework\system\Commands\Server\rewrite.php(43): require_once('C:\\Users\\ACER\\D...')
#10 {main}
CRITICAL - 2021-10-30 08:44:37 --> Undefined variable $session
#0 C:\Users\ACER\Desktop\alumni_project\app\Views\search_page.php(55): CodeIgniter\Debug\Exceptions->errorHandler(2, 'Undefined varia...', 'C:\\Users\\ACER\\D...', 55)
#1 C:\Users\ACER\Desktop\alumni_project\vendor\codeigniter4\framework\system\View\View.php(214): include('C:\\Users\\ACER\\D...')
#2 C:\Users\ACER\Desktop\alumni_project\vendor\codeigniter4\framework\system\View\View.php(217): CodeIgniter\View\View->CodeIgniter\View\{closure}()
#3 C:\Users\ACER\Desktop\alumni_project\vendor\codeigniter4\framework\system\Common.php(1092): CodeIgniter\View\View->render('search_page', Array, true)
#4 C:\Users\ACER\Desktop\alumni_project\app\Controllers\Search.php(24): view('search_page', Array)
#5 C:\Users\ACER\Desktop\alumni_project\vendor\codeigniter4\framework\system\CodeIgniter.php(802): App\Controllers\Search->searchHome()
#6 C:\Users\ACER\Desktop\alumni_project\vendor\codeigniter4\framework\system\CodeIgniter.php(399): CodeIgniter\CodeIgniter->runController(Object(App\Controllers\Search))
#7 C:\Users\ACER\Desktop\alumni_project\vendor\codeigniter4\framework\system\CodeIgniter.php(317): CodeIgniter\CodeIgniter->handleRequest(NULL, Object(Config\Cache), false)
#8 C:\Users\ACER\Desktop\alumni_project\public\index.php(37): CodeIgniter\CodeIgniter->run()
#9 C:\Users\ACER\Desktop\alumni_project\vendor\codeigniter4\framework\system\Commands\Server\rewrite.php(43): require_once('C:\\Users\\ACER\\D...')
#10 {main}
CRITICAL - 2021-10-30 08:47:58 --> Undefined variable $session
#0 C:\Users\ACER\Desktop\alumni_project\app\Views\search_page.php(60): CodeIgniter\Debug\Exceptions->errorHandler(2, 'Undefined varia...', 'C:\\Users\\ACER\\D...', 60)
#1 C:\Users\ACER\Desktop\alumni_project\vendor\codeigniter4\framework\system\View\View.php(214): include('C:\\Users\\ACER\\D...')
#2 C:\Users\ACER\Desktop\alumni_project\vendor\codeigniter4\framework\system\View\View.php(217): CodeIgniter\View\View->CodeIgniter\View\{closure}()
#3 C:\Users\ACER\Desktop\alumni_project\vendor\codeigniter4\framework\system\Common.php(1092): CodeIgniter\View\View->render('search_page', Array, true)
#4 C:\Users\ACER\Desktop\alumni_project\app\Controllers\Search.php(24): view('search_page', Array)
#5 C:\Users\ACER\Desktop\alumni_project\vendor\codeigniter4\framework\system\CodeIgniter.php(802): App\Controllers\Search->searchHome()
#6 C:\Users\ACER\Desktop\alumni_project\vendor\codeigniter4\framework\system\CodeIgniter.php(399): CodeIgniter\CodeIgniter->runController(Object(App\Controllers\Search))
#7 C:\Users\ACER\Desktop\alumni_project\vendor\codeigniter4\framework\system\CodeIgniter.php(317): CodeIgniter\CodeIgniter->handleRequest(NULL, Object(Config\Cache), false)
#8 C:\Users\ACER\Desktop\alumni_project\public\index.php(37): CodeIgniter\CodeIgniter->run()
#9 C:\Users\ACER\Desktop\alumni_project\vendor\codeigniter4\framework\system\Commands\Server\rewrite.php(43): require_once('C:\\Users\\ACER\\D...')
#10 {main}
CRITICAL - 2021-10-30 08:49:20 --> Undefined variable $session
#0 C:\Users\ACER\Desktop\alumni_project\app\Views\search_page.php(60): CodeIgniter\Debug\Exceptions->errorHandler(2, 'Undefined varia...', 'C:\\Users\\ACER\\D...', 60)
#1 C:\Users\ACER\Desktop\alumni_project\vendor\codeigniter4\framework\system\View\View.php(214): include('C:\\Users\\ACER\\D...')
#2 C:\Users\ACER\Desktop\alumni_project\vendor\codeigniter4\framework\system\View\View.php(217): CodeIgniter\View\View->CodeIgniter\View\{closure}()
#3 C:\Users\ACER\Desktop\alumni_project\vendor\codeigniter4\framework\system\Common.php(1092): CodeIgniter\View\View->render('search_page', Array, true)
#4 C:\Users\ACER\Desktop\alumni_project\app\Controllers\Search.php(24): view('search_page', Array)
#5 C:\Users\ACER\Desktop\alumni_project\vendor\codeigniter4\framework\system\CodeIgniter.php(802): App\Controllers\Search->searchHome()
#6 C:\Users\ACER\Desktop\alumni_project\vendor\codeigniter4\framework\system\CodeIgniter.php(399): CodeIgniter\CodeIgniter->runController(Object(App\Controllers\Search))
#7 C:\Users\ACER\Desktop\alumni_project\vendor\codeigniter4\framework\system\CodeIgniter.php(317): CodeIgniter\CodeIgniter->handleRequest(NULL, Object(Config\Cache), false)
#8 C:\Users\ACER\Desktop\alumni_project\public\index.php(37): CodeIgniter\CodeIgniter->run()
#9 C:\Users\ACER\Desktop\alumni_project\vendor\codeigniter4\framework\system\Commands\Server\rewrite.php(43): require_once('C:\\Users\\ACER\\D...')
#10 {main}
CRITICAL - 2021-10-30 08:49:21 --> Undefined variable $session
#0 C:\Users\ACER\Desktop\alumni_project\app\Views\search_page.php(60): CodeIgniter\Debug\Exceptions->errorHandler(2, 'Undefined varia...', 'C:\\Users\\ACER\\D...', 60)
#1 C:\Users\ACER\Desktop\alumni_project\vendor\codeigniter4\framework\system\View\View.php(214): include('C:\\Users\\ACER\\D...')
#2 C:\Users\ACER\Desktop\alumni_project\vendor\codeigniter4\framework\system\View\View.php(217): CodeIgniter\View\View->CodeIgniter\View\{closure}()
#3 C:\Users\ACER\Desktop\alumni_project\vendor\codeigniter4\framework\system\Common.php(1092): CodeIgniter\View\View->render('search_page', Array, true)
#4 C:\Users\ACER\Desktop\alumni_project\app\Controllers\Search.php(24): view('search_page', Array)
#5 C:\Users\ACER\Desktop\alumni_project\vendor\codeigniter4\framework\system\CodeIgniter.php(802): App\Controllers\Search->searchHome()
#6 C:\Users\ACER\Desktop\alumni_project\vendor\codeigniter4\framework\system\CodeIgniter.php(399): CodeIgniter\CodeIgniter->runController(Object(App\Controllers\Search))
#7 C:\Users\ACER\Desktop\alumni_project\vendor\codeigniter4\framework\system\CodeIgniter.php(317): CodeIgniter\CodeIgniter->handleRequest(NULL, Object(Config\Cache), false)
#8 C:\Users\ACER\Desktop\alumni_project\public\index.php(37): CodeIgniter\CodeIgniter->run()
#9 C:\Users\ACER\Desktop\alumni_project\vendor\codeigniter4\framework\system\Commands\Server\rewrite.php(43): require_once('C:\\Users\\ACER\\D...')
#10 {main}
